<?xml version="1.0" encoding="UTF-8"?>
<testsuite name="com.spaceinvaders.GameTest" tests="5" skipped="0" failures="0" errors="0" timestamp="2022-01-24T17:03:58" hostname="Air-de-Tiago-2.lan" time="3.608">
  <properties/>
  <testcase name="gameStateTest()" classname="com.spaceinvaders.GameTest" time="3.602"/>
  <testcase name="getGui()" classname="com.spaceinvaders.GameTest" time="0.001"/>
  <testcase name="instanceTest()" classname="com.spaceinvaders.GameTest" time="0.002"/>
  <testcase name="getHeight()" classname="com.spaceinvaders.GameTest" time="0.001"/>
  <testcase name="getWidth()" classname="com.spaceinvaders.GameTest" time="0.001"/>
  <system-out><![CDATA[File already exists.
]]></system-out>
  <system-err><![CDATA[]]></system-err>
</testsuite>
