<?xml version="1.0" encoding="UTF-8"?>
<testsuite name="com.spaceinvaders.viewer.menu.GameOverViewerTest" tests="1" skipped="0" failures="0" errors="0" timestamp="2022-01-24T17:04:02" hostname="Air-de-Tiago-2.lan" time="0.003">
  <properties/>
  <testcase name="drawMenu()" classname="com.spaceinvaders.viewer.menu.GameOverViewerTest" time="0.003"/>
  <system-out><![CDATA[]]></system-out>
  <system-err><![CDATA[]]></system-err>
</testsuite>
