<?xml version="1.0" encoding="UTF-8"?>
<testsuite name="com.spaceinvaders.model.ButtonTest" tests="9" skipped="0" failures="0" errors="0" timestamp="2022-01-24T17:04:02" hostname="Air-de-Tiago-2.lan" time="0.014">
  <properties/>
  <testcase name="getBottomright()" classname="com.spaceinvaders.model.ButtonTest" time="0.001"/>
  <testcase name="getHighlight()" classname="com.spaceinvaders.model.ButtonTest" time="0.0"/>
  <testcase name="setCommand()" classname="com.spaceinvaders.model.ButtonTest" time="0.006"/>
  <testcase name="getTopLeft()" classname="com.spaceinvaders.model.ButtonTest" time="0.0"/>
  <testcase name="getText()" classname="com.spaceinvaders.model.ButtonTest" time="0.0"/>
  <testcase name="click()" classname="com.spaceinvaders.model.ButtonTest" time="0.001"/>
  <testcase name="setHighlight()" classname="com.spaceinvaders.model.ButtonTest" time="0.0"/>
  <testcase name="getColor()" classname="com.spaceinvaders.model.ButtonTest" time="0.0"/>
  <testcase name="getCommand()" classname="com.spaceinvaders.model.ButtonTest" time="0.001"/>
  <system-out><![CDATA[]]></system-out>
  <system-err><![CDATA[]]></system-err>
</testsuite>
