<?xml version="1.0" encoding="UTF-8"?>
<testsuite name="com.spaceinvaders.model.MenusTest" tests="6" skipped="0" failures="0" errors="0" timestamp="2022-01-24T17:04:02" hostname="Air-de-Tiago-2.lan" time="0.007">
  <properties/>
  <testcase name="selectedTest()" classname="com.spaceinvaders.model.MenusTest" time="0.001"/>
  <testcase name="nextButton()" classname="com.spaceinvaders.model.MenusTest" time="0.002"/>
  <testcase name="buttonsList()" classname="com.spaceinvaders.model.MenusTest" time="0.001"/>
  <testcase name="previousButton()" classname="com.spaceinvaders.model.MenusTest" time="0.001"/>
  <testcase name="getGame()" classname="com.spaceinvaders.model.MenusTest" time="0.0"/>
  <testcase name="getButtonSel()" classname="com.spaceinvaders.model.MenusTest" time="0.0"/>
  <system-out><![CDATA[]]></system-out>
  <system-err><![CDATA[]]></system-err>
</testsuite>
