<?xml version="1.0" encoding="UTF-8"?>
<testsuite name="com.spaceinvaders.model.WallTest" tests="4" skipped="0" failures="0" errors="0" timestamp="2022-01-24T17:04:02" hostname="Air-de-Tiago-2.lan" time="0.003">
  <properties/>
  <testcase name="setPosition()" classname="com.spaceinvaders.model.WallTest" time="0.0"/>
  <testcase name="getPosition()" classname="com.spaceinvaders.model.WallTest" time="0.0"/>
  <testcase name="getHealth()" classname="com.spaceinvaders.model.WallTest" time="0.001"/>
  <testcase name="decreaseHealth()" classname="com.spaceinvaders.model.WallTest" time="0.001"/>
  <system-out><![CDATA[]]></system-out>
  <system-err><![CDATA[]]></system-err>
</testsuite>
