<?xml version="1.0" encoding="UTF-8"?>
<testsuite name="com.spaceinvaders.PositionSpockTest" tests="1" skipped="0" failures="0" errors="0" timestamp="2022-01-24T17:03:57" hostname="Air-de-Tiago-2.lan" time="0.001">
  <properties/>
  <testcase name="same position objects" classname="com.spaceinvaders.PositionSpockTest" time="0.001"/>
  <system-out><![CDATA[]]></system-out>
  <system-err><![CDATA[]]></system-err>
</testsuite>
