<?xml version="1.0" encoding="UTF-8"?>
<testsuite name="com.spaceinvaders.controller.MenuControllerTest" tests="3" skipped="0" failures="0" errors="0" timestamp="2022-01-24T17:04:02" hostname="Air-de-Tiago-2.lan" time="0.012">
  <properties/>
  <testcase name="keyDown()" classname="com.spaceinvaders.controller.MenuControllerTest" time="0.004"/>
  <testcase name="keyExit()" classname="com.spaceinvaders.controller.MenuControllerTest" time="0.003"/>
  <testcase name="keyUp()" classname="com.spaceinvaders.controller.MenuControllerTest" time="0.003"/>
  <system-out><![CDATA[]]></system-out>
  <system-err><![CDATA[]]></system-err>
</testsuite>
