<?xml version="1.0" encoding="UTF-8"?>
<testsuite name="com.spaceinvaders.state.PlayingStateTest" tests="1" skipped="0" failures="0" errors="0" timestamp="2022-01-24T17:04:02" hostname="Air-de-Tiago-2.lan" time="0.044">
  <properties/>
  <testcase name="getController()" classname="com.spaceinvaders.state.PlayingStateTest" time="0.044"/>
  <system-out><![CDATA[]]></system-out>
  <system-err><![CDATA[]]></system-err>
</testsuite>
