<?xml version="1.0" encoding="UTF-8"?>
<testsuite name="com.spaceinvaders.controller.GameWonControllerTest" tests="4" skipped="0" failures="0" errors="0" timestamp="2022-01-24T17:04:02" hostname="Air-de-Tiago-2.lan" time="0.013">
  <properties/>
  <testcase name="keyExit()" classname="com.spaceinvaders.controller.GameWonControllerTest" time="0.004"/>
  <testcase name="keyLeft()" classname="com.spaceinvaders.controller.GameWonControllerTest" time="0.002"/>
  <testcase name="keyEnter()" classname="com.spaceinvaders.controller.GameWonControllerTest" time="0.002"/>
  <testcase name="keyRight()" classname="com.spaceinvaders.controller.GameWonControllerTest" time="0.002"/>
  <system-out><![CDATA[]]></system-out>
  <system-err><![CDATA[]]></system-err>
</testsuite>
