<?xml version="1.0" encoding="UTF-8"?>
<testsuite name="com.spaceinvaders.state.GameWonStateTest" tests="1" skipped="0" failures="0" errors="0" timestamp="2022-01-24T17:04:01" hostname="Air-de-Tiago-2.lan" time="0.049">
  <properties/>
  <testcase name="getController()" classname="com.spaceinvaders.state.GameWonStateTest" time="0.049"/>
  <system-out><![CDATA[]]></system-out>
  <system-err><![CDATA[]]></system-err>
</testsuite>
