<?xml version="1.0" encoding="UTF-8"?>
<testsuite name="com.spaceinvaders.viewer.AlienViewerTest" tests="2" skipped="0" failures="0" errors="0" timestamp="2022-01-24T17:04:02" hostname="Air-de-Tiago-2.lan" time="0.021">
  <properties/>
  <testcase name="drawArmoredAlien()" classname="com.spaceinvaders.viewer.AlienViewerTest" time="0.019"/>
  <testcase name="drawNormalAlien()" classname="com.spaceinvaders.viewer.AlienViewerTest" time="0.001"/>
  <system-out><![CDATA[]]></system-out>
  <system-err><![CDATA[]]></system-err>
</testsuite>
