<?xml version="1.0" encoding="UTF-8"?>
<testsuite name="com.spaceinvaders.gui.LanternaGUITest" tests="18" skipped="0" failures="0" errors="0" timestamp="2022-01-24T17:04:02" hostname="Air-de-Tiago-2.lan" time="0.142">
  <properties/>
  <testcase name="getKeyClose()" classname="com.spaceinvaders.gui.LanternaGUITest" time="0.098"/>
  <testcase name="getKeyEnter()" classname="com.spaceinvaders.gui.LanternaGUITest" time="0.002"/>
  <testcase name="getKeyRight()" classname="com.spaceinvaders.gui.LanternaGUITest" time="0.001"/>
  <testcase name="drawBackground()" classname="com.spaceinvaders.gui.LanternaGUITest" time="0.002"/>
  <testcase name="drawNormalAmmo()" classname="com.spaceinvaders.gui.LanternaGUITest" time="0.002"/>
  <testcase name="drawText()" classname="com.spaceinvaders.gui.LanternaGUITest" time="0.002"/>
  <testcase name="drawWall()" classname="com.spaceinvaders.gui.LanternaGUITest" time="0.002"/>
  <testcase name="drawButton()" classname="com.spaceinvaders.gui.LanternaGUITest" time="0.005"/>
  <testcase name="drawHealth()" classname="com.spaceinvaders.gui.LanternaGUITest" time="0.002"/>
  <testcase name="drawArmoredAlien()" classname="com.spaceinvaders.gui.LanternaGUITest" time="0.001"/>
  <testcase name="drawNormalAlien()" classname="com.spaceinvaders.gui.LanternaGUITest" time="0.002"/>
  <testcase name="drawSuperAmmo()" classname="com.spaceinvaders.gui.LanternaGUITest" time="0.002"/>
  <testcase name="drawPlayer()" classname="com.spaceinvaders.gui.LanternaGUITest" time="0.002"/>
  <testcase name="getKeyDown()" classname="com.spaceinvaders.gui.LanternaGUITest" time="0.002"/>
  <testcase name="getKeyLeft()" classname="com.spaceinvaders.gui.LanternaGUITest" time="0.001"/>
  <testcase name="getHeight()" classname="com.spaceinvaders.gui.LanternaGUITest" time="0.001"/>
  <testcase name="getKeyUp()" classname="com.spaceinvaders.gui.LanternaGUITest" time="0.001"/>
  <testcase name="getWidth()" classname="com.spaceinvaders.gui.LanternaGUITest" time="0.001"/>
  <system-out><![CDATA[]]></system-out>
  <system-err><![CDATA[]]></system-err>
</testsuite>
