<?xml version="1.0" encoding="UTF-8"?>
<testsuite name="com.spaceinvaders.AmmoSpockTest" tests="6" skipped="0" failures="0" errors="0" timestamp="2022-01-24T17:03:57" hostname="Air-de-Tiago-2.lan" time="0.007">
  <properties/>
  <testcase name="ammo getPosition" classname="com.spaceinvaders.AmmoSpockTest" time="0.003"/>
  <testcase name="ammo setPosition" classname="com.spaceinvaders.AmmoSpockTest" time="0.001"/>
  <testcase name="ammo getDamage" classname="com.spaceinvaders.AmmoSpockTest" time="0.001"/>
  <testcase name="ammo setDamage" classname="com.spaceinvaders.AmmoSpockTest" time="0.001"/>
  <testcase name="ammo getDirection" classname="com.spaceinvaders.AmmoSpockTest" time="0.0"/>
  <testcase name="ammo setDirection" classname="com.spaceinvaders.AmmoSpockTest" time="0.001"/>
  <system-out><![CDATA[]]></system-out>
  <system-err><![CDATA[]]></system-err>
</testsuite>
