<?xml version="1.0" encoding="UTF-8"?>
<testsuite name="com.spaceinvaders.controller.AlienControllerTest" tests="5" skipped="0" failures="0" errors="0" timestamp="2022-01-24T17:04:02" hostname="Air-de-Tiago-2.lan" time="0.019">
  <properties/>
  <testcase name="testRightLimit()" classname="com.spaceinvaders.controller.AlienControllerTest" time="0.009"/>
  <testcase name="testLeftLimit()" classname="com.spaceinvaders.controller.AlienControllerTest" time="0.002"/>
  <testcase name="moveLeft()" classname="com.spaceinvaders.controller.AlienControllerTest" time="0.002"/>
  <testcase name="shoot()" classname="com.spaceinvaders.controller.AlienControllerTest" time="0.002"/>
  <testcase name="moveRight()" classname="com.spaceinvaders.controller.AlienControllerTest" time="0.002"/>
  <system-out><![CDATA[]]></system-out>
  <system-err><![CDATA[]]></system-err>
</testsuite>
