<?xml version="1.0" encoding="UTF-8"?>
<testsuite name="com.spaceinvaders.controller.ArenaControllerTest" tests="21" skipped="0" failures="0" errors="0" timestamp="2022-01-24T17:04:02" hostname="Air-de-Tiago-2.lan" time="0.103">
  <properties/>
  <testcase name="getAmmoController()" classname="com.spaceinvaders.controller.ArenaControllerTest" time="0.047"/>
  <testcase name="getPlayerController()" classname="com.spaceinvaders.controller.ArenaControllerTest" time="0.001"/>
  <testcase name="processActionKeyLeftLimit()" classname="com.spaceinvaders.controller.ArenaControllerTest" time="0.003"/>
  <testcase name="checkAmmoPassingThroughAliens()" classname="com.spaceinvaders.controller.ArenaControllerTest" time="0.002"/>
  <testcase name="getAlienController()" classname="com.spaceinvaders.controller.ArenaControllerTest" time="0.001"/>
  <testcase name="checkProjectilesOutOfBounds()" classname="com.spaceinvaders.controller.ArenaControllerTest" time="0.002"/>
  <testcase name="getArenaViewer()" classname="com.spaceinvaders.controller.ArenaControllerTest" time="0.002"/>
  <testcase name="setAlienController()" classname="com.spaceinvaders.controller.ArenaControllerTest" time="0.001"/>
  <testcase name="processActionKeyUp()" classname="com.spaceinvaders.controller.ArenaControllerTest" time="0.002"/>
  <testcase name="exit()" classname="com.spaceinvaders.controller.ArenaControllerTest" time="0.002"/>
  <testcase name="step()" classname="com.spaceinvaders.controller.ArenaControllerTest" time="0.004"/>
  <testcase name="checkAlienProjectilesCollisions()" classname="com.spaceinvaders.controller.ArenaControllerTest" time="0.001"/>
  <testcase name="checkLimits()" classname="com.spaceinvaders.controller.ArenaControllerTest" time="0.001"/>
  <testcase name="checkWallProjectilesCollisions()" classname="com.spaceinvaders.controller.ArenaControllerTest" time="0.002"/>
  <testcase name="checkProjectilesPlayerCollisions()" classname="com.spaceinvaders.controller.ArenaControllerTest" time="0.004"/>
  <testcase name="setPlayerController()" classname="com.spaceinvaders.controller.ArenaControllerTest" time="0.003"/>
  <testcase name="processActionKeyRightLimit()" classname="com.spaceinvaders.controller.ArenaControllerTest" time="0.004"/>
  <testcase name="processActionKeyRight()" classname="com.spaceinvaders.controller.ArenaControllerTest" time="0.003"/>
  <testcase name="setAmmoController()" classname="com.spaceinvaders.controller.ArenaControllerTest" time="0.002"/>
  <testcase name="setArenaViewer()" classname="com.spaceinvaders.controller.ArenaControllerTest" time="0.002"/>
  <testcase name="processActionKeyLeft()" classname="com.spaceinvaders.controller.ArenaControllerTest" time="0.003"/>
  <system-out><![CDATA[]]></system-out>
  <system-err><![CDATA[]]></system-err>
</testsuite>
