<?xml version="1.0" encoding="UTF-8"?>
<testsuite name="com.spaceinvaders.viewer.AmmoViewerTest" tests="2" skipped="0" failures="0" errors="0" timestamp="2022-01-24T17:04:02" hostname="Air-de-Tiago-2.lan" time="0.018">
  <properties/>
  <testcase name="drawNormalAmmo()" classname="com.spaceinvaders.viewer.AmmoViewerTest" time="0.016"/>
  <testcase name="drawSuperAmmo()" classname="com.spaceinvaders.viewer.AmmoViewerTest" time="0.002"/>
  <system-out><![CDATA[]]></system-out>
  <system-err><![CDATA[]]></system-err>
</testsuite>
